<?xml version="1.0" encoding="UTF-8"?>
<testsuite name="FourOfAKindTests" tests="6" skipped="0" failures="0" errors="0" timestamp="2019-08-27T22:54:17" hostname="C02Y308YJG5J" time="0.007">
  <properties/>
  <testcase name="sumOfFourOfAKind[0]" classname="FourOfAKindTests" time="0.005"/>
  <testcase name="sumOfFourOfAKind[1]" classname="FourOfAKindTests" time="0.0"/>
  <testcase name="sumOfFourOfAKind[2]" classname="FourOfAKindTests" time="0.0"/>
  <testcase name="sumOfFourOfAKind[3]" classname="FourOfAKindTests" time="0.0"/>
  <testcase name="sumOfFourOfAKind[4]" classname="FourOfAKindTests" time="0.0"/>
  <testcase name="sumOfFourOfAKind[5]" classname="FourOfAKindTests" time="0.0"/>
  <system-out><![CDATA[]]></system-out>
  <system-err><![CDATA[]]></system-err>
</testsuite>
