<?xml version="1.0" encoding="UTF-8"?>
<testsuite name="ChanceTests" tests="5" skipped="0" failures="0" errors="0" timestamp="2019-08-27T22:54:17" hostname="C02Y308YJG5J" time="0.002">
  <properties/>
  <testcase name="sumOfFourOfAKind[0]" classname="ChanceTests" time="0.0"/>
  <testcase name="sumOfFourOfAKind[1]" classname="ChanceTests" time="0.0"/>
  <testcase name="sumOfFourOfAKind[2]" classname="ChanceTests" time="0.0"/>
  <testcase name="sumOfFourOfAKind[3]" classname="ChanceTests" time="0.001"/>
  <testcase name="sumOfFourOfAKind[4]" classname="ChanceTests" time="0.0"/>
  <system-out><![CDATA[]]></system-out>
  <system-err><![CDATA[]]></system-err>
</testsuite>
