<?xml version="1.0" encoding="UTF-8"?>
<testsuite name="LargeStraightTests" tests="3" skipped="0" failures="0" errors="0" timestamp="2019-08-27T22:54:17" hostname="C02Y308YJG5J" time="0.0">
  <properties/>
  <testcase name="sumOfLargeStraight[0]" classname="LargeStraightTests" time="0.0"/>
  <testcase name="sumOfLargeStraight[1]" classname="LargeStraightTests" time="0.0"/>
  <testcase name="sumOfLargeStraight[2]" classname="LargeStraightTests" time="0.0"/>
  <system-out><![CDATA[]]></system-out>
  <system-err><![CDATA[]]></system-err>
</testsuite>
