<?xml version="1.0" encoding="UTF-8"?>
<testsuite name="YatzyTests" tests="3" skipped="0" failures="0" errors="0" timestamp="2019-08-27T22:54:17" hostname="C02Y308YJG5J" time="0.001">
  <properties/>
  <testcase name="scoreOfYatzy[0]" classname="YatzyTests" time="0.0"/>
  <testcase name="scoreOfYatzy[1]" classname="YatzyTests" time="0.001"/>
  <testcase name="scoreOfYatzy[2]" classname="YatzyTests" time="0.0"/>
  <system-out><![CDATA[]]></system-out>
  <system-err><![CDATA[]]></system-err>
</testsuite>
